{"uuid":"8dd4ba59-90a6-4862-a30a-192bdf7c9d95","historyId":"264cf21efd2b3f074d8d27b093812678","fullName":"applitools.hackathon.tests.traditionalTests.TraditionalTests.dynamicAdTest","labels":[{"name":"package","value":"applitools.hackathon.tests.traditionalTests.TraditionalTests"},{"name":"testClass","value":"applitools.hackathon.tests.traditionalTests.TraditionalTests"},{"name":"testMethod","value":"dynamicAdTest"},{"name":"parentSuite","value":"Default Suite"},{"name":"suite","value":"visual-challenge"},{"name":"subSuite","value":"applitools.hackathon.tests.traditionalTests.TraditionalTests"},{"name":"host","value":"EPRUPETW0037"},{"name":"thread","value":"181436@EPRUPETW0037.main(1)"}],"links":[],"name":"dynamicAdTest","status":"broken","statusDetails":{"known":false,"muted":false,"flaky":false,"message":"\r\n[16:47.140] Failed to execute 'elements' for element 'Advertisement' during '2' seconds. java.lang.AssertionError: \rExpected: a collection with size <3>\r\n     but: collection size was <2>","trace":"java.lang.RuntimeException: \r\n[16:47.140] Failed to execute 'elements' for element 'Advertisement' during '2' seconds. java.lang.AssertionError: \rExpected: a collection with size <3>\r\n     but: collection size was <2>\r\n\tat com.epam.jdi.light.common.Exceptions.exception(Exceptions.java:17)\r\n\tat com.epam.jdi.light.actions.ActionProcessor.jdiAround(ActionProcessor.java:70)\r\n\tat com.epam.jdi.light.asserts.generic.UISelectAssert$Compare.elements(UISelectAssert.java:165)\r\n\tat applitools.hackathon.tests.traditionalTests.TraditionalTests.dynamicAdTest(TraditionalTests.java:91)\r\n\tat sun.reflect.NativeMethodAccessorImpl.invoke0(Native Method)\r\n\tat sun.reflect.NativeMethodAccessorImpl.invoke(NativeMethodAccessorImpl.java:62)\r\n\tat sun.reflect.DelegatingMethodAccessorImpl.invoke(DelegatingMethodAccessorImpl.java:43)\r\n\tat java.lang.reflect.Method.invoke(Method.java:498)\r\n\tat org.testng.internal.MethodInvocationHelper.invokeMethod(MethodInvocationHelper.java:133)\r\n\tat org.testng.internal.TestInvoker.invokeMethod(TestInvoker.java:584)\r\n\tat org.testng.internal.TestInvoker.invokeTestMethod(TestInvoker.java:172)\r\n\tat org.testng.internal.MethodRunner.runInSequence(MethodRunner.java:46)\r\n\tat org.testng.internal.TestInvoker$MethodInvocationAgent.invoke(TestInvoker.java:804)\r\n\tat org.testng.internal.TestInvoker.invokeTestMethods(TestInvoker.java:145)\r\n\tat org.testng.internal.TestMethodWorker.invokeTestMethods(TestMethodWorker.java:146)\r\n\tat org.testng.internal.TestMethodWorker.run(TestMethodWorker.java:128)\r\n\tat java.util.ArrayList.forEach(ArrayList.java:1257)\r\n\tat org.testng.TestRunner.privateRun(TestRunner.java:770)\r\n\tat org.testng.TestRunner.run(TestRunner.java:591)\r\n\tat org.testng.SuiteRunner.runTest(SuiteRunner.java:402)\r\n\tat org.testng.SuiteRunner.runSequentially(SuiteRunner.java:396)\r\n\tat org.testng.SuiteRunner.privateRun(SuiteRunner.java:355)\r\n\tat org.testng.SuiteRunner.run(SuiteRunner.java:304)\r\n\tat org.testng.SuiteRunnerWorker.runSuite(SuiteRunnerWorker.java:53)\r\n\tat org.testng.SuiteRunnerWorker.run(SuiteRunnerWorker.java:96)\r\n\tat org.testng.TestNG.runSuitesSequentially(TestNG.java:1180)\r\n\tat org.testng.TestNG.runSuitesLocally(TestNG.java:1102)\r\n\tat org.testng.TestNG.runSuites(TestNG.java:1032)\r\n\tat org.testng.TestNG.run(TestNG.java:1000)\r\n\tat org.testng.IDEARemoteTestNG.run(IDEARemoteTestNG.java:73)\r\n\tat org.testng.RemoteTestNGStarter.main(RemoteTestNGStarter.java:123)\r\n"},"stage":"finished","start":1574763403804,"stop":1574763407144,"steps":[{"name":"Open 'Login Page'(url=https://demo.applitools.com/hackathonV2.html?showAd=true) (Login Page)","status":"passed","stage":"finished","start":1574763403805,"stop":1574763403805},{"name":"Login as User(username:Roman Iovlev; password:p@s$w0rd) (Login Page Form)","status":"passed","stage":"finished","start":1574763403983,"stop":1574763403983},{"name":"Assert that 'Advertisement' size 3 (Advertisement)","status":"passed","stage":"finished","start":1574763404586,"stop":1574763404586},{"name":">>> AppPage.advertisement (css='div.balance')","status":"passed","stage":"finished","start":1574763404738,"stop":1574763404738},{"name":"Assert that 'Advertisement' has exactly '3' elements that meet expected condition (Advertisement)","status":"passed","stage":"finished","start":1574763404882,"stop":1574763404882}],"parameters":[]}