{"uuid":"91e61277-f756-4959-a5dd-6f4f3f4ff7bc","historyId":"f1383b2e028f18532bcaabfa74def4fc","fullName":"applitools.hackathon.tests.traditionalTests.TraditionalTests.sortTableValidation","labels":[{"name":"package","value":"applitools.hackathon.tests.traditionalTests.TraditionalTests"},{"name":"testClass","value":"applitools.hackathon.tests.traditionalTests.TraditionalTests"},{"name":"testMethod","value":"sortTableValidation"},{"name":"parentSuite","value":"Default Suite"},{"name":"suite","value":"visual-challenge"},{"name":"subSuite","value":"applitools.hackathon.tests.traditionalTests.TraditionalTests"},{"name":"host","value":"EPRUPETW0037"},{"name":"thread","value":"181436@EPRUPETW0037.main(1)"}],"links":[],"name":"sortTableValidation","status":"broken","statusDetails":{"known":false,"muted":false,"flaky":false,"message":"\r\n[17:23.894] Failed to execute 'sortedBy' for element 'Transactions Table(css='#transactionsTable')' during '2' seconds. java.lang.AssertionError: \rExpected: is \"\"\r\n     but: was \"Table not sorted at 1 row\"","trace":"java.lang.RuntimeException: \r\n[17:23.894] Failed to execute 'sortedBy' for element 'Transactions Table(css='#transactionsTable')' during '2' seconds. java.lang.AssertionError: \rExpected: is \"\"\r\n     but: was \"Table not sorted at 1 row\"\r\n\tat com.epam.jdi.light.common.Exceptions.exception(Exceptions.java:17)\r\n\tat com.epam.jdi.light.actions.ActionProcessor.jdiAround(ActionProcessor.java:70)\r\n\tat com.epam.jdi.light.asserts.generic.table.DataTableAssert.sortedBy(DataTableAssert.java:66)\r\n\tat applitools.hackathon.tests.traditionalTests.TraditionalTests.sortTableValidation(TraditionalTests.java:63)\r\n\tat sun.reflect.NativeMethodAccessorImpl.invoke0(Native Method)\r\n\tat sun.reflect.NativeMethodAccessorImpl.invoke(NativeMethodAccessorImpl.java:62)\r\n\tat sun.reflect.DelegatingMethodAccessorImpl.invoke(DelegatingMethodAccessorImpl.java:43)\r\n\tat java.lang.reflect.Method.invoke(Method.java:498)\r\n\tat org.testng.internal.MethodInvocationHelper.invokeMethod(MethodInvocationHelper.java:133)\r\n\tat org.testng.internal.TestInvoker.invokeMethod(TestInvoker.java:584)\r\n\tat org.testng.internal.TestInvoker.invokeTestMethod(TestInvoker.java:172)\r\n\tat org.testng.internal.MethodRunner.runInSequence(MethodRunner.java:46)\r\n\tat org.testng.internal.TestInvoker$MethodInvocationAgent.invoke(TestInvoker.java:804)\r\n\tat org.testng.internal.TestInvoker.invokeTestMethods(TestInvoker.java:145)\r\n\tat org.testng.internal.TestMethodWorker.invokeTestMethods(TestMethodWorker.java:146)\r\n\tat org.testng.internal.TestMethodWorker.run(TestMethodWorker.java:128)\r\n\tat java.util.ArrayList.forEach(ArrayList.java:1257)\r\n\tat org.testng.TestRunner.privateRun(TestRunner.java:770)\r\n\tat org.testng.TestRunner.run(TestRunner.java:591)\r\n\tat org.testng.SuiteRunner.runTest(SuiteRunner.java:402)\r\n\tat org.testng.SuiteRunner.runSequentially(SuiteRunner.java:396)\r\n\tat org.testng.SuiteRunner.privateRun(SuiteRunner.java:355)\r\n\tat org.testng.SuiteRunner.run(SuiteRunner.java:304)\r\n\tat org.testng.SuiteRunnerWorker.runSuite(SuiteRunnerWorker.java:53)\r\n\tat org.testng.SuiteRunnerWorker.run(SuiteRunnerWorker.java:96)\r\n\tat org.testng.TestNG.runSuitesSequentially(TestNG.java:1180)\r\n\tat org.testng.TestNG.runSuitesLocally(TestNG.java:1102)\r\n\tat org.testng.TestNG.runSuites(TestNG.java:1032)\r\n\tat org.testng.TestNG.run(TestNG.java:1000)\r\n\tat org.testng.IDEARemoteTestNG.run(IDEARemoteTestNG.java:73)\r\n\tat org.testng.RemoteTestNGStarter.main(RemoteTestNGStarter.java:123)\r\n"},"stage":"finished","start":1574763416344,"stop":1574763443895,"steps":[{"name":"Login as User(username:Roman Iovlev; password:p@s$w0rd) (Login Page Form)","status":"passed","stage":"finished","start":1574763416349,"stop":1574763416349},{"name":"Get all 'Transactions Table' rows (Transactions Table)","status":"passed","stage":"finished","start":1574763416858,"stop":1574763416858},{"name":">>> [Transaction(status:Complete; date:Today1:52am; description:Starbucks coffee; category:Restaurant / ...","status":"passed","stage":"finished","start":1574763420594,"stop":1574763420594},{"name":"Get all 'Transactions Table' rows (Transactions Table)","status":"passed","stage":"finished","start":1574763420595,"stop":1574763420595},{"name":">>> [Complete;Today1:52am;Starbucks coffee;Restaurant / Cafe;+ 1,250.00 USD, Declined;Jan 19th3:22pm;Str...","status":"passed","stage":"finished","start":1574763436325,"stop":1574763436325},{"name":"Select 'AMOUNT' for 'Transactions Table header' (Transactions Table header)","status":"passed","stage":"finished","start":1574763436327,"stop":1574763436327},{"name":"Assert that 'Transactions Table' rows (a collection containing <Transaction(status:Complete; date:Today1:52am; description:Starbucks coffee; category:Restaurant / Cafe; amount:+ 1,250.00 USD)> and a collection containing <Transaction(status:Declined; date:Jan 19th3:22pm; description:Stripe Payment Processing; category:Finance; amount:+ 952.23 USD)> and a collection containing <Transaction(status:Pending; date:Yesterday7:45am; description:MailChimp Services; category:Software; amount:- 320.00 USD)> and a collection containing <Transaction(status:Pending; date:Jan 23rd2:7pm; description:Shopify product; category:Shopping; amount:+ 17.99 USD)> and a collection containing <Transaction(status:Complete; date:Jan 7th9:51am; description:Ebay Marketplace; category:Ecommerce; amount:- 244.00 USD)> and a collection containing <Transaction(status:Pending; date:Jan 9th7:45pm; description:Templates Inc; category:Business; amount:+ 340.00 USD)>) (Transactions Table)","status":"passed","stage":"finished","start":1574763436771,"stop":1574763436771},{"name":">>> AppPage.transactionsTable (css='#transactionsTable')","status":"passed","stage":"finished","start":1574763440166,"stop":1574763440166},{"name":"Assert that 'Transactions Table' is sorted (Transactions Table)","status":"passed","stage":"finished","start":1574763440167,"stop":1574763440167}],"parameters":[]}