{"uuid":"e13f8442-60c6-4ace-8c25-ee87a0203610","historyId":"1004283c76a03659f73a89e98a9c4edc","fullName":"applitools.hackathon.tests.traditionalTests.TraditionalTests.loginPageValidation","labels":[{"name":"package","value":"applitools.hackathon.tests.traditionalTests.TraditionalTests"},{"name":"testClass","value":"applitools.hackathon.tests.traditionalTests.TraditionalTests"},{"name":"testMethod","value":"loginPageValidation"},{"name":"parentSuite","value":"Default Suite"},{"name":"suite","value":"visual-challenge"},{"name":"subSuite","value":"applitools.hackathon.tests.traditionalTests.TraditionalTests"},{"name":"host","value":"EPRUPETW0037"},{"name":"thread","value":"385640@EPRUPETW0037.main(1)"}],"links":[],"name":"loginPageValidation","status":"broken","statusDetails":{"known":false,"muted":false,"flaky":false,"message":"java.lang.RuntimeException: \r\n[57:16.273] Failed to execute 'text' for element 'Header(css='.auth-header')' during '2' seconds. java.lang.AssertionError: \rExpected: is \"Login Form\"\r\n     but: was \"Logout Form\"","trace":"java.lang.RuntimeException: java.lang.RuntimeException: \r\n[57:16.273] Failed to execute 'text' for element 'Header(css='.auth-header')' during '2' seconds. java.lang.AssertionError: \rExpected: is \"Login Form\"\r\n     but: was \"Logout Form\"\r\n\tat applitools.hackathon.sections.LoginPage.validatateForm(LoginPage.java:50)\r\n\tat applitools.hackathon.tests.traditionalTests.TraditionalTests.loginPageValidation(TraditionalTests.java:37)\r\n\tat sun.reflect.NativeMethodAccessorImpl.invoke0(Native Method)\r\n\tat sun.reflect.NativeMethodAccessorImpl.invoke(NativeMethodAccessorImpl.java:62)\r\n\tat sun.reflect.DelegatingMethodAccessorImpl.invoke(DelegatingMethodAccessorImpl.java:43)\r\n\tat java.lang.reflect.Method.invoke(Method.java:498)\r\n\tat org.testng.internal.MethodInvocationHelper.invokeMethod(MethodInvocationHelper.java:133)\r\n\tat org.testng.internal.TestInvoker.invokeMethod(TestInvoker.java:584)\r\n\tat org.testng.internal.TestInvoker.invokeTestMethod(TestInvoker.java:172)\r\n\tat org.testng.internal.MethodRunner.runInSequence(MethodRunner.java:46)\r\n\tat org.testng.internal.TestInvoker$MethodInvocationAgent.invoke(TestInvoker.java:804)\r\n\tat org.testng.internal.TestInvoker.invokeTestMethods(TestInvoker.java:145)\r\n\tat org.testng.internal.TestMethodWorker.invokeTestMethods(TestMethodWorker.java:146)\r\n\tat org.testng.internal.TestMethodWorker.run(TestMethodWorker.java:128)\r\n\tat java.util.ArrayList.forEach(ArrayList.java:1257)\r\n\tat org.testng.TestRunner.privateRun(TestRunner.java:770)\r\n\tat org.testng.TestRunner.run(TestRunner.java:591)\r\n\tat org.testng.SuiteRunner.runTest(SuiteRunner.java:402)\r\n\tat org.testng.SuiteRunner.runSequentially(SuiteRunner.java:396)\r\n\tat org.testng.SuiteRunner.privateRun(SuiteRunner.java:355)\r\n\tat org.testng.SuiteRunner.run(SuiteRunner.java:304)\r\n\tat org.testng.SuiteRunnerWorker.runSuite(SuiteRunnerWorker.java:53)\r\n\tat org.testng.SuiteRunnerWorker.run(SuiteRunnerWorker.java:96)\r\n\tat org.testng.TestNG.runSuitesSequentially(TestNG.java:1180)\r\n\tat org.testng.TestNG.runSuitesLocally(TestNG.java:1102)\r\n\tat org.testng.TestNG.runSuites(TestNG.java:1032)\r\n\tat org.testng.TestNG.run(TestNG.java:1000)\r\n\tat org.testng.IDEARemoteTestNG.run(IDEARemoteTestNG.java:73)\r\n\tat org.testng.RemoteTestNGStarter.main(RemoteTestNGStarter.java:123)\r\nCaused by: java.lang.RuntimeException: \r\n[57:16.273] Failed to execute 'text' for element 'Header(css='.auth-header')' during '2' seconds. java.lang.AssertionError: \rExpected: is \"Login Form\"\r\n     but: was \"Logout Form\"\r\n\tat com.epam.jdi.light.common.Exceptions.exception(Exceptions.java:17)\r\n\tat com.epam.jdi.light.actions.ActionProcessor.jdiAround(ActionProcessor.java:60)\r\n\tat com.epam.jdi.light.asserts.generic.TextAssert.text(TextAssert.java:17)\r\n\tat com.epam.jdi.light.asserts.generic.TextAssert.text(TextAssert.java:21)\r\n\tat applitools.hackathon.sections.LoginPage.validatateForm(LoginPage.java:34)\r\n\t... 28 more\r\n"},"stage":"finished","start":1573919833958,"stop":1573919836279,"steps":[{"name":"Assert that 'Header' is displayed (Header)","status":"passed","stage":"finished","start":1573919833960,"stop":1573919833960},{"name":">>> LoginPage.header (css='.auth-header')","status":"passed","stage":"finished","start":1573919834037,"stop":1573919834037},{"name":"Assert that 'Header' text is \"Login Form\" (Header)","status":"passed","stage":"finished","start":1573919834038,"stop":1573919834038}],"parameters":[]}