{"uuid":"f4e56051-3c5c-4f29-81df-49547c4c505c","historyId":"bc2c313ca5e6abde850adcb4aefb9abb","fullName":"applitools.hackathon.tests.traditionalTests.TraditionalTests.canvasChartTest","labels":[{"name":"package","value":"applitools.hackathon.tests.traditionalTests.TraditionalTests"},{"name":"testClass","value":"applitools.hackathon.tests.traditionalTests.TraditionalTests"},{"name":"testMethod","value":"canvasChartTest"},{"name":"parentSuite","value":"Default Suite"},{"name":"suite","value":"visual-challenge"},{"name":"subSuite","value":"applitools.hackathon.tests.traditionalTests.TraditionalTests"},{"name":"host","value":"EPRUPETW0037"},{"name":"thread","value":"386792@EPRUPETW0037.main(1)"}],"links":[],"name":"canvasChartTest","status":"broken","statusDetails":{"known":false,"muted":false,"flaky":false,"message":"\r\n[45:21.872] Failed to execute 'visualValidation' for element 'Expenses Chart' during '2' seconds. java.lang.AssertionError: \rExpected: is \"Images are the same\"\r\n     but: was \"Images are different D:\\\\Work\\\\2019\\\\Applitools hackaton\\\\applitools-hackathon\\\\src\\\\test\\\\.logs\\\\screens\\\\Expenses ChartExpense Chart 2017-2018.jpg D:\\\\Work\\\\2019\\\\Applitools hackaton\\\\applitools-hackathon\\\\src\\\\test\\\\.logs\\\\screens\\\\Expenses ChartExpense Chart 2017-2018-new.jpg\"","trace":"java.lang.RuntimeException: \r\n[45:21.872] Failed to execute 'visualValidation' for element 'Expenses Chart' during '2' seconds. java.lang.AssertionError: \rExpected: is \"Images are the same\"\r\n     but: was \"Images are different D:\\\\Work\\\\2019\\\\Applitools hackaton\\\\applitools-hackathon\\\\src\\\\test\\\\.logs\\\\screens\\\\Expenses ChartExpense Chart 2017-2018.jpg D:\\\\Work\\\\2019\\\\Applitools hackaton\\\\applitools-hackathon\\\\src\\\\test\\\\.logs\\\\screens\\\\Expenses ChartExpense Chart 2017-2018-new.jpg\"\r\n\tat com.epam.jdi.light.common.Exceptions.exception(Exceptions.java:17)\r\n\tat com.epam.jdi.light.actions.ActionProcessor.jdiAround(ActionProcessor.java:60)\r\n\tat com.epam.jdi.light.elements.common.UIElement.visualValidation(UIElement.java:542)\r\n\tat com.epam.jdi.light.ui.html.elements.common.Image.visualValidation(Image.java:35)\r\n\tat applitools.hackathon.tests.traditionalTests.TraditionalTests.canvasChartTest(TraditionalTests.java:75)\r\n\tat sun.reflect.NativeMethodAccessorImpl.invoke0(Native Method)\r\n\tat sun.reflect.NativeMethodAccessorImpl.invoke(NativeMethodAccessorImpl.java:62)\r\n\tat sun.reflect.DelegatingMethodAccessorImpl.invoke(DelegatingMethodAccessorImpl.java:43)\r\n\tat java.lang.reflect.Method.invoke(Method.java:498)\r\n\tat org.testng.internal.MethodInvocationHelper.invokeMethod(MethodInvocationHelper.java:133)\r\n\tat org.testng.internal.TestInvoker.invokeMethod(TestInvoker.java:584)\r\n\tat org.testng.internal.TestInvoker.invokeTestMethod(TestInvoker.java:172)\r\n\tat org.testng.internal.MethodRunner.runInSequence(MethodRunner.java:46)\r\n\tat org.testng.internal.TestInvoker$MethodInvocationAgent.invoke(TestInvoker.java:804)\r\n\tat org.testng.internal.TestInvoker.invokeTestMethods(TestInvoker.java:145)\r\n\tat org.testng.internal.TestMethodWorker.invokeTestMethods(TestMethodWorker.java:146)\r\n\tat org.testng.internal.TestMethodWorker.run(TestMethodWorker.java:128)\r\n\tat java.util.ArrayList.forEach(ArrayList.java:1257)\r\n\tat org.testng.TestRunner.privateRun(TestRunner.java:770)\r\n\tat org.testng.TestRunner.run(TestRunner.java:591)\r\n\tat org.testng.SuiteRunner.runTest(SuiteRunner.java:402)\r\n\tat org.testng.SuiteRunner.runSequentially(SuiteRunner.java:396)\r\n\tat org.testng.SuiteRunner.privateRun(SuiteRunner.java:355)\r\n\tat org.testng.SuiteRunner.run(SuiteRunner.java:304)\r\n\tat org.testng.SuiteRunnerWorker.runSuite(SuiteRunnerWorker.java:53)\r\n\tat org.testng.SuiteRunnerWorker.run(SuiteRunnerWorker.java:96)\r\n\tat org.testng.TestNG.runSuitesSequentially(TestNG.java:1180)\r\n\tat org.testng.TestNG.runSuitesLocally(TestNG.java:1102)\r\n\tat org.testng.TestNG.runSuites(TestNG.java:1032)\r\n\tat org.testng.TestNG.run(TestNG.java:1000)\r\n\tat org.testng.IDEARemoteTestNG.run(IDEARemoteTestNG.java:73)\r\n\tat org.testng.RemoteTestNGStarter.main(RemoteTestNGStarter.java:123)\r\n"},"stage":"finished","start":1573919106718,"stop":1573919121906,"steps":[{"name":"Login as User(username:Roman Iovlev; password:p@s$w0rd) (Login Page Form)","status":"passed","stage":"finished","start":1573919106740,"stop":1573919106740},{"name":"Click on 'Compare Expenses' (Compare Expenses)","status":"passed","stage":"finished","start":1573919109320,"stop":1573919109320},{"name":"Visual compare 'Expense Chart 2017-2018' (Expenses Chart)","status":"passed","stage":"finished","start":1573919111476,"stop":1573919111476}],"parameters":[]}